

*******************************************************************************
Wed Jan 18 11:35:12 2017


FIT:    data read from '~/git/mscthesis/figures/bep_luo/luo_alkyl_all.tsv' u 2:3
        format = x:z
        #datapoints = 17
        residuals are weighted equally (unit weight)

function used for fitting: f(x)
	f(x) = a*x + b
BREAK: Need via and either parameter list or file

*******************************************************************************
Wed Jan 18 11:35:27 2017


FIT:    data read from '~/git/mscthesis/figures/bep_luo/luo_alkyl_all.tsv' u 2:3
        format = x:z
        #datapoints = 17
        residuals are weighted equally (unit weight)

function used for fitting: f(x)
	f(x) = a*x + b
fitted parameters initialized with current variable values

iter      chisq       delta/lim  lambda   a             b            
   0 1.3899391970e+05   0.00e+00  6.73e+01    1.000000e+00   1.000000e+00
   6 4.9553394572e+00  -2.83e-02  6.73e-05   -2.267479e-01   2.727568e+01

After 6 iterations the fit converged.
final sum of squares of residuals : 4.95534
rel. change during last iteration : -2.82607e-07

degrees of freedom    (FIT_NDF)                        : 15
rms of residuals      (FIT_STDFIT) = sqrt(WSSR/ndf)    : 0.574766
variance of residuals (reduced chisquare) = WSSR/ndf   : 0.330356

Final set of parameters            Asymptotic Standard Error
=======================            ==========================
a               = -0.226748        +/- 0.03937      (17.37%)
b               = 27.2757          +/- 3.745        (13.73%)

correlation matrix of the fit parameters:
                a      b      
a               1.000 
b              -0.999  1.000 


*******************************************************************************
Wed Jan 18 11:36:22 2017


FIT:    data read from '~/git/mscthesis/figures/bep_luo/luo_alkyl_all.tsv' u 2:3
        format = x:z
        #datapoints = 17
        residuals are weighted equally (unit weight)

function used for fitting: f(x)
	f(x) = a*x + b
fitted parameters initialized with current variable values

iter      chisq       delta/lim  lambda   a             b            
   0 1.3899391970e+05   0.00e+00  6.73e+01    1.000000e+00   1.000000e+00
   6 4.9553394572e+00  -2.83e-02  6.73e-05   -2.267479e-01   2.727568e+01

After 6 iterations the fit converged.
final sum of squares of residuals : 4.95534
rel. change during last iteration : -2.82607e-07

degrees of freedom    (FIT_NDF)                        : 15
rms of residuals      (FIT_STDFIT) = sqrt(WSSR/ndf)    : 0.574766
variance of residuals (reduced chisquare) = WSSR/ndf   : 0.330356

Final set of parameters            Asymptotic Standard Error
=======================            ==========================
a               = -0.226748        +/- 0.03937      (17.37%)
b               = 27.2757          +/- 3.745        (13.73%)

correlation matrix of the fit parameters:
                a      b      
a               1.000 
b              -0.999  1.000 


*******************************************************************************
Wed Jan 18 11:37:08 2017


FIT:    data read from '~/git/mscthesis/figures/bep_luo/luo_alkyl_all.tsv' u 2:3
        format = x:z
        #datapoints = 17
        residuals are weighted equally (unit weight)

function used for fitting: f(x)
	f(x) = a*x + b
fitted parameters initialized with current variable values

iter      chisq       delta/lim  lambda   a             b            
   0 1.3899391970e+05   0.00e+00  6.73e+01    1.000000e+00   1.000000e+00
   6 4.9553394572e+00  -2.83e-02  6.73e-05   -2.267479e-01   2.727568e+01

After 6 iterations the fit converged.
final sum of squares of residuals : 4.95534
rel. change during last iteration : -2.82607e-07

degrees of freedom    (FIT_NDF)                        : 15
rms of residuals      (FIT_STDFIT) = sqrt(WSSR/ndf)    : 0.574766
variance of residuals (reduced chisquare) = WSSR/ndf   : 0.330356

Final set of parameters            Asymptotic Standard Error
=======================            ==========================
a               = -0.226748        +/- 0.03937      (17.37%)
b               = 27.2757          +/- 3.745        (13.73%)

correlation matrix of the fit parameters:
                a      b      
a               1.000 
b              -0.999  1.000 


*******************************************************************************
Wed Jan 18 11:37:08 2017


FIT:    data read from '~/git/mscthesis/figures/bep_luo/luo_allylic_all.tsv' u 2:3
        format = x:z
        #datapoints = 9
        residuals are weighted equally (unit weight)

function used for fitting: f(x)
	f(x) = a*x + b
fitted parameters initialized with current variable values

iter      chisq       delta/lim  lambda   c             d            
   0 6.3821330871e+01   0.00e+00  0.00e+00    1.000000e+00   1.000000e+00
BREAK: Singular matrix in Givens()

*******************************************************************************
Wed Jan 18 11:37:27 2017


FIT:    data read from '~/git/mscthesis/figures/bep_luo/luo_alkyl_all.tsv' u 2:3
        format = x:z
        #datapoints = 17
        residuals are weighted equally (unit weight)

function used for fitting: f(x)
	f(x) = a*x + b
fitted parameters initialized with current variable values

iter      chisq       delta/lim  lambda   a             b            
   0 1.3899391970e+05   0.00e+00  6.73e+01    1.000000e+00   1.000000e+00
   6 4.9553394572e+00  -2.83e-02  6.73e-05   -2.267479e-01   2.727568e+01

After 6 iterations the fit converged.
final sum of squares of residuals : 4.95534
rel. change during last iteration : -2.82607e-07

degrees of freedom    (FIT_NDF)                        : 15
rms of residuals      (FIT_STDFIT) = sqrt(WSSR/ndf)    : 0.574766
variance of residuals (reduced chisquare) = WSSR/ndf   : 0.330356

Final set of parameters            Asymptotic Standard Error
=======================            ==========================
a               = -0.226748        +/- 0.03937      (17.37%)
b               = 27.2757          +/- 3.745        (13.73%)

correlation matrix of the fit parameters:
                a      b      
a               1.000 
b              -0.999  1.000 


*******************************************************************************
Wed Jan 18 11:37:27 2017


FIT:    data read from '~/git/mscthesis/figures/bep_luo/luo_allylic_all.tsv' u 2:3
        format = x:z
        #datapoints = 9
        residuals are weighted equally (unit weight)

function used for fitting: g(x)
	g(x) = c*x + d
fitted parameters initialized with current variable values

iter      chisq       delta/lim  lambda   c             d            
   0 5.4079728400e+04   0.00e+00  5.83e+01    1.000000e+00   1.000000e+00
   6 1.1724946896e+00  -1.43e-02  5.83e-05   -1.467668e-01   1.807432e+01

After 6 iterations the fit converged.
final sum of squares of residuals : 1.17249
rel. change during last iteration : -1.42564e-07

degrees of freedom    (FIT_NDF)                        : 7
rms of residuals      (FIT_STDFIT) = sqrt(WSSR/ndf)    : 0.409267
variance of residuals (reduced chisquare) = WSSR/ndf   : 0.167499

Final set of parameters            Asymptotic Standard Error
=======================            ==========================
c               = -0.146767        +/- 0.03139      (21.38%)
d               = 18.0743          +/- 2.588        (14.32%)

correlation matrix of the fit parameters:
                c      d      
c               1.000 
d              -0.999  1.000 


*******************************************************************************
Wed Jan 18 11:39:38 2017


FIT:    data read from '~/git/mscthesis/figures/bep_luo/luo_alkyl_all.tsv' u 2:3
        format = x:z
        #datapoints = 17
        residuals are weighted equally (unit weight)

function used for fitting: f(x)
	f(x) = a*x + b
fitted parameters initialized with current variable values

iter      chisq       delta/lim  lambda   a             b            
   0 1.3899391970e+05   0.00e+00  6.73e+01    1.000000e+00   1.000000e+00
   6 4.9553394572e+00  -2.83e-02  6.73e-05   -2.267479e-01   2.727568e+01

After 6 iterations the fit converged.
final sum of squares of residuals : 4.95534
rel. change during last iteration : -2.82607e-07

degrees of freedom    (FIT_NDF)                        : 15
rms of residuals      (FIT_STDFIT) = sqrt(WSSR/ndf)    : 0.574766
variance of residuals (reduced chisquare) = WSSR/ndf   : 0.330356

Final set of parameters            Asymptotic Standard Error
=======================            ==========================
a               = -0.226748        +/- 0.03937      (17.37%)
b               = 27.2757          +/- 3.745        (13.73%)

correlation matrix of the fit parameters:
                a      b      
a               1.000 
b              -0.999  1.000 


*******************************************************************************
Wed Jan 18 11:39:38 2017


FIT:    data read from '~/git/mscthesis/figures/bep_luo/luo_allylic_all.tsv' u 2:3
        format = x:z
        #datapoints = 9
        residuals are weighted equally (unit weight)

function used for fitting: g(x)
	g(x) = c*x + d
fitted parameters initialized with current variable values

iter      chisq       delta/lim  lambda   c             d            
   0 5.4079728400e+04   0.00e+00  5.83e+01    1.000000e+00   1.000000e+00
   6 1.1724946896e+00  -1.43e-02  5.83e-05   -1.467668e-01   1.807432e+01

After 6 iterations the fit converged.
final sum of squares of residuals : 1.17249
rel. change during last iteration : -1.42564e-07

degrees of freedom    (FIT_NDF)                        : 7
rms of residuals      (FIT_STDFIT) = sqrt(WSSR/ndf)    : 0.409267
variance of residuals (reduced chisquare) = WSSR/ndf   : 0.167499

Final set of parameters            Asymptotic Standard Error
=======================            ==========================
c               = -0.146767        +/- 0.03139      (21.38%)
d               = 18.0743          +/- 2.588        (14.32%)

correlation matrix of the fit parameters:
                c      d      
c               1.000 
d              -0.999  1.000 


*******************************************************************************
Wed Jan 18 11:40:40 2017


FIT:    data read from '~/git/mscthesis/figures/bep_luo/luo_alkyl_all.tsv' u 2:3
        format = x:z
        #datapoints = 17
        residuals are weighted equally (unit weight)

function used for fitting: f(x)
	f(x) = a*x + b
fitted parameters initialized with current variable values

iter      chisq       delta/lim  lambda   a             b            
   0 1.3899391970e+05   0.00e+00  6.73e+01    1.000000e+00   1.000000e+00
   6 4.9553394572e+00  -2.83e-02  6.73e-05   -2.267479e-01   2.727568e+01

After 6 iterations the fit converged.
final sum of squares of residuals : 4.95534
rel. change during last iteration : -2.82607e-07

degrees of freedom    (FIT_NDF)                        : 15
rms of residuals      (FIT_STDFIT) = sqrt(WSSR/ndf)    : 0.574766
variance of residuals (reduced chisquare) = WSSR/ndf   : 0.330356

Final set of parameters            Asymptotic Standard Error
=======================            ==========================
a               = -0.226748        +/- 0.03937      (17.37%)
b               = 27.2757          +/- 3.745        (13.73%)

correlation matrix of the fit parameters:
                a      b      
a               1.000 
b              -0.999  1.000 


*******************************************************************************
Wed Jan 18 11:40:40 2017


FIT:    data read from '~/git/mscthesis/figures/bep_luo/luo_allylic_all.tsv' u 2:3
        format = x:z
        #datapoints = 9
        residuals are weighted equally (unit weight)

function used for fitting: g(x)
	g(x) = c*x + d
fitted parameters initialized with current variable values

iter      chisq       delta/lim  lambda   c             d            
   0 5.4079728400e+04   0.00e+00  5.83e+01    1.000000e+00   1.000000e+00
   6 1.1724946896e+00  -1.43e-02  5.83e-05   -1.467668e-01   1.807432e+01

After 6 iterations the fit converged.
final sum of squares of residuals : 1.17249
rel. change during last iteration : -1.42564e-07

degrees of freedom    (FIT_NDF)                        : 7
rms of residuals      (FIT_STDFIT) = sqrt(WSSR/ndf)    : 0.409267
variance of residuals (reduced chisquare) = WSSR/ndf   : 0.167499

Final set of parameters            Asymptotic Standard Error
=======================            ==========================
c               = -0.146767        +/- 0.03139      (21.38%)
d               = 18.0743          +/- 2.588        (14.32%)

correlation matrix of the fit parameters:
                c      d      
c               1.000 
d              -0.999  1.000 


*******************************************************************************
Wed Jan 18 11:46:00 2017


FIT:    data read from '~/git/mscthesis/figures/bep_luo/luo_alkyl_all.tsv' u 2:3
        format = x:z
        #datapoints = 17
        residuals are weighted equally (unit weight)

function used for fitting: f(x)
	f(x) = a*x + b
fitted parameters initialized with current variable values

iter      chisq       delta/lim  lambda   a             b            
   0 1.3899391970e+05   0.00e+00  6.73e+01    1.000000e+00   1.000000e+00
   6 4.9553394572e+00  -2.83e-02  6.73e-05   -2.267479e-01   2.727568e+01

After 6 iterations the fit converged.
final sum of squares of residuals : 4.95534
rel. change during last iteration : -2.82607e-07

degrees of freedom    (FIT_NDF)                        : 15
rms of residuals      (FIT_STDFIT) = sqrt(WSSR/ndf)    : 0.574766
variance of residuals (reduced chisquare) = WSSR/ndf   : 0.330356

Final set of parameters            Asymptotic Standard Error
=======================            ==========================
a               = -0.226748        +/- 0.03937      (17.37%)
b               = 27.2757          +/- 3.745        (13.73%)

correlation matrix of the fit parameters:
                a      b      
a               1.000 
b              -0.999  1.000 


*******************************************************************************
Wed Jan 18 11:46:00 2017


FIT:    data read from '~/git/mscthesis/figures/bep_luo/luo_allylic_all.tsv' u 2:3
        format = x:z
        #datapoints = 9
        residuals are weighted equally (unit weight)

function used for fitting: g(x)
	g(x) = c*x + d
fitted parameters initialized with current variable values

iter      chisq       delta/lim  lambda   c             d            
   0 5.4079728400e+04   0.00e+00  5.83e+01    1.000000e+00   1.000000e+00
   6 1.1724946896e+00  -1.43e-02  5.83e-05   -1.467668e-01   1.807432e+01

After 6 iterations the fit converged.
final sum of squares of residuals : 1.17249
rel. change during last iteration : -1.42564e-07

degrees of freedom    (FIT_NDF)                        : 7
rms of residuals      (FIT_STDFIT) = sqrt(WSSR/ndf)    : 0.409267
variance of residuals (reduced chisquare) = WSSR/ndf   : 0.167499

Final set of parameters            Asymptotic Standard Error
=======================            ==========================
c               = -0.146767        +/- 0.03139      (21.38%)
d               = 18.0743          +/- 2.588        (14.32%)

correlation matrix of the fit parameters:
                c      d      
c               1.000 
d              -0.999  1.000 


*******************************************************************************
Wed Jan 18 11:46:19 2017


FIT:    data read from '~/git/mscthesis/figures/bep_luo/luo_alkyl_all.tsv' u 2:3
        format = x:z
        #datapoints = 17
        residuals are weighted equally (unit weight)

function used for fitting: f(x)
	f(x) = a*x + b
fitted parameters initialized with current variable values

iter      chisq       delta/lim  lambda   a             b            
   0 1.3899391970e+05   0.00e+00  6.73e+01    1.000000e+00   1.000000e+00
   6 4.9553394572e+00  -2.83e-02  6.73e-05   -2.267479e-01   2.727568e+01

After 6 iterations the fit converged.
final sum of squares of residuals : 4.95534
rel. change during last iteration : -2.82607e-07

degrees of freedom    (FIT_NDF)                        : 15
rms of residuals      (FIT_STDFIT) = sqrt(WSSR/ndf)    : 0.574766
variance of residuals (reduced chisquare) = WSSR/ndf   : 0.330356

Final set of parameters            Asymptotic Standard Error
=======================            ==========================
a               = -0.226748        +/- 0.03937      (17.37%)
b               = 27.2757          +/- 3.745        (13.73%)

correlation matrix of the fit parameters:
                a      b      
a               1.000 
b              -0.999  1.000 


*******************************************************************************
Wed Jan 18 11:46:19 2017


FIT:    data read from '~/git/mscthesis/figures/bep_luo/luo_allylic_all.tsv' u 2:3
        format = x:z
        #datapoints = 9
        residuals are weighted equally (unit weight)

function used for fitting: g(x)
	g(x) = c*x + d
fitted parameters initialized with current variable values

iter      chisq       delta/lim  lambda   c             d            
   0 5.4079728400e+04   0.00e+00  5.83e+01    1.000000e+00   1.000000e+00
   6 1.1724946896e+00  -1.43e-02  5.83e-05   -1.467668e-01   1.807432e+01

After 6 iterations the fit converged.
final sum of squares of residuals : 1.17249
rel. change during last iteration : -1.42564e-07

degrees of freedom    (FIT_NDF)                        : 7
rms of residuals      (FIT_STDFIT) = sqrt(WSSR/ndf)    : 0.409267
variance of residuals (reduced chisquare) = WSSR/ndf   : 0.167499

Final set of parameters            Asymptotic Standard Error
=======================            ==========================
c               = -0.146767        +/- 0.03139      (21.38%)
d               = 18.0743          +/- 2.588        (14.32%)

correlation matrix of the fit parameters:
                c      d      
c               1.000 
d              -0.999  1.000 


*******************************************************************************
Wed Jan 18 11:46:40 2017


FIT:    data read from '~/git/mscthesis/figures/bep_luo/luo_alkyl_all.tsv' u 2:3
        format = x:z
        #datapoints = 17
        residuals are weighted equally (unit weight)

function used for fitting: f(x)
	f(x) = a*x + b
fitted parameters initialized with current variable values

iter      chisq       delta/lim  lambda   a             b            
   0 1.3899391970e+05   0.00e+00  6.73e+01    1.000000e+00   1.000000e+00
   6 4.9553394572e+00  -2.83e-02  6.73e-05   -2.267479e-01   2.727568e+01

After 6 iterations the fit converged.
final sum of squares of residuals : 4.95534
rel. change during last iteration : -2.82607e-07

degrees of freedom    (FIT_NDF)                        : 15
rms of residuals      (FIT_STDFIT) = sqrt(WSSR/ndf)    : 0.574766
variance of residuals (reduced chisquare) = WSSR/ndf   : 0.330356

Final set of parameters            Asymptotic Standard Error
=======================            ==========================
a               = -0.226748        +/- 0.03937      (17.37%)
b               = 27.2757          +/- 3.745        (13.73%)

correlation matrix of the fit parameters:
                a      b      
a               1.000 
b              -0.999  1.000 


*******************************************************************************
Wed Jan 18 11:46:40 2017


FIT:    data read from '~/git/mscthesis/figures/bep_luo/luo_allylic_all.tsv' u 2:3
        format = x:z
        #datapoints = 9
        residuals are weighted equally (unit weight)

function used for fitting: g(x)
	g(x) = c*x + d
fitted parameters initialized with current variable values

iter      chisq       delta/lim  lambda   c             d            
   0 5.4079728400e+04   0.00e+00  5.83e+01    1.000000e+00   1.000000e+00
   6 1.1724946896e+00  -1.43e-02  5.83e-05   -1.467668e-01   1.807432e+01

After 6 iterations the fit converged.
final sum of squares of residuals : 1.17249
rel. change during last iteration : -1.42564e-07

degrees of freedom    (FIT_NDF)                        : 7
rms of residuals      (FIT_STDFIT) = sqrt(WSSR/ndf)    : 0.409267
variance of residuals (reduced chisquare) = WSSR/ndf   : 0.167499

Final set of parameters            Asymptotic Standard Error
=======================            ==========================
c               = -0.146767        +/- 0.03139      (21.38%)
d               = 18.0743          +/- 2.588        (14.32%)

correlation matrix of the fit parameters:
                c      d      
c               1.000 
d              -0.999  1.000 


*******************************************************************************
Wed Jan 18 11:46:50 2017


FIT:    data read from '~/git/mscthesis/figures/bep_luo/luo_alkyl_all.tsv' u 2:3
        format = x:z
        #datapoints = 17
        residuals are weighted equally (unit weight)

function used for fitting: f(x)
	f(x) = a*x + b
fitted parameters initialized with current variable values

iter      chisq       delta/lim  lambda   a             b            
   0 1.3899391970e+05   0.00e+00  6.73e+01    1.000000e+00   1.000000e+00
   6 4.9553394572e+00  -2.83e-02  6.73e-05   -2.267479e-01   2.727568e+01

After 6 iterations the fit converged.
final sum of squares of residuals : 4.95534
rel. change during last iteration : -2.82607e-07

degrees of freedom    (FIT_NDF)                        : 15
rms of residuals      (FIT_STDFIT) = sqrt(WSSR/ndf)    : 0.574766
variance of residuals (reduced chisquare) = WSSR/ndf   : 0.330356

Final set of parameters            Asymptotic Standard Error
=======================            ==========================
a               = -0.226748        +/- 0.03937      (17.37%)
b               = 27.2757          +/- 3.745        (13.73%)

correlation matrix of the fit parameters:
                a      b      
a               1.000 
b              -0.999  1.000 


*******************************************************************************
Wed Jan 18 11:46:50 2017


FIT:    data read from '~/git/mscthesis/figures/bep_luo/luo_allylic_all.tsv' u 2:3
        format = x:z
        #datapoints = 9
        residuals are weighted equally (unit weight)

function used for fitting: g(x)
	g(x) = c*x + d
fitted parameters initialized with current variable values

iter      chisq       delta/lim  lambda   c             d            
   0 5.4079728400e+04   0.00e+00  5.83e+01    1.000000e+00   1.000000e+00
   6 1.1724946896e+00  -1.43e-02  5.83e-05   -1.467668e-01   1.807432e+01

After 6 iterations the fit converged.
final sum of squares of residuals : 1.17249
rel. change during last iteration : -1.42564e-07

degrees of freedom    (FIT_NDF)                        : 7
rms of residuals      (FIT_STDFIT) = sqrt(WSSR/ndf)    : 0.409267
variance of residuals (reduced chisquare) = WSSR/ndf   : 0.167499

Final set of parameters            Asymptotic Standard Error
=======================            ==========================
c               = -0.146767        +/- 0.03139      (21.38%)
d               = 18.0743          +/- 2.588        (14.32%)

correlation matrix of the fit parameters:
                c      d      
c               1.000 
d              -0.999  1.000 


*******************************************************************************
Wed Jan 18 11:46:56 2017


FIT:    data read from '~/git/mscthesis/figures/bep_luo/luo_alkyl_all.tsv' u 2:3
        format = x:z
        #datapoints = 17
        residuals are weighted equally (unit weight)

function used for fitting: f(x)
	f(x) = a*x + b
fitted parameters initialized with current variable values

iter      chisq       delta/lim  lambda   a             b            
   0 1.3899391970e+05   0.00e+00  6.73e+01    1.000000e+00   1.000000e+00
   6 4.9553394572e+00  -2.83e-02  6.73e-05   -2.267479e-01   2.727568e+01

After 6 iterations the fit converged.
final sum of squares of residuals : 4.95534
rel. change during last iteration : -2.82607e-07

degrees of freedom    (FIT_NDF)                        : 15
rms of residuals      (FIT_STDFIT) = sqrt(WSSR/ndf)    : 0.574766
variance of residuals (reduced chisquare) = WSSR/ndf   : 0.330356

Final set of parameters            Asymptotic Standard Error
=======================            ==========================
a               = -0.226748        +/- 0.03937      (17.37%)
b               = 27.2757          +/- 3.745        (13.73%)

correlation matrix of the fit parameters:
                a      b      
a               1.000 
b              -0.999  1.000 


*******************************************************************************
Wed Jan 18 11:46:56 2017


FIT:    data read from '~/git/mscthesis/figures/bep_luo/luo_allylic_all.tsv' u 2:3
        format = x:z
        #datapoints = 9
        residuals are weighted equally (unit weight)

function used for fitting: g(x)
	g(x) = c*x + d
fitted parameters initialized with current variable values

iter      chisq       delta/lim  lambda   c             d            
   0 5.4079728400e+04   0.00e+00  5.83e+01    1.000000e+00   1.000000e+00
   6 1.1724946896e+00  -1.43e-02  5.83e-05   -1.467668e-01   1.807432e+01

After 6 iterations the fit converged.
final sum of squares of residuals : 1.17249
rel. change during last iteration : -1.42564e-07

degrees of freedom    (FIT_NDF)                        : 7
rms of residuals      (FIT_STDFIT) = sqrt(WSSR/ndf)    : 0.409267
variance of residuals (reduced chisquare) = WSSR/ndf   : 0.167499

Final set of parameters            Asymptotic Standard Error
=======================            ==========================
c               = -0.146767        +/- 0.03139      (21.38%)
d               = 18.0743          +/- 2.588        (14.32%)

correlation matrix of the fit parameters:
                c      d      
c               1.000 
d              -0.999  1.000 


*******************************************************************************
Wed Jan 18 11:46:59 2017


FIT:    data read from '~/git/mscthesis/figures/bep_luo/luo_alkyl_all.tsv' u 2:3
        format = x:z
        #datapoints = 17
        residuals are weighted equally (unit weight)

function used for fitting: f(x)
	f(x) = a*x + b
fitted parameters initialized with current variable values

iter      chisq       delta/lim  lambda   a             b            
   0 1.3899391970e+05   0.00e+00  6.73e+01    1.000000e+00   1.000000e+00
   6 4.9553394572e+00  -2.83e-02  6.73e-05   -2.267479e-01   2.727568e+01

After 6 iterations the fit converged.
final sum of squares of residuals : 4.95534
rel. change during last iteration : -2.82607e-07

degrees of freedom    (FIT_NDF)                        : 15
rms of residuals      (FIT_STDFIT) = sqrt(WSSR/ndf)    : 0.574766
variance of residuals (reduced chisquare) = WSSR/ndf   : 0.330356

Final set of parameters            Asymptotic Standard Error
=======================            ==========================
a               = -0.226748        +/- 0.03937      (17.37%)
b               = 27.2757          +/- 3.745        (13.73%)

correlation matrix of the fit parameters:
                a      b      
a               1.000 
b              -0.999  1.000 


*******************************************************************************
Wed Jan 18 11:46:59 2017


FIT:    data read from '~/git/mscthesis/figures/bep_luo/luo_allylic_all.tsv' u 2:3
        format = x:z
        #datapoints = 9
        residuals are weighted equally (unit weight)

function used for fitting: g(x)
	g(x) = c*x + d
fitted parameters initialized with current variable values

iter      chisq       delta/lim  lambda   c             d            
   0 5.4079728400e+04   0.00e+00  5.83e+01    1.000000e+00   1.000000e+00
   6 1.1724946896e+00  -1.43e-02  5.83e-05   -1.467668e-01   1.807432e+01

After 6 iterations the fit converged.
final sum of squares of residuals : 1.17249
rel. change during last iteration : -1.42564e-07

degrees of freedom    (FIT_NDF)                        : 7
rms of residuals      (FIT_STDFIT) = sqrt(WSSR/ndf)    : 0.409267
variance of residuals (reduced chisquare) = WSSR/ndf   : 0.167499

Final set of parameters            Asymptotic Standard Error
=======================            ==========================
c               = -0.146767        +/- 0.03139      (21.38%)
d               = 18.0743          +/- 2.588        (14.32%)

correlation matrix of the fit parameters:
                c      d      
c               1.000 
d              -0.999  1.000 


*******************************************************************************
Wed Jan 18 11:47:16 2017


FIT:    data read from '~/git/mscthesis/figures/bep_luo/luo_alkyl_all.tsv' u 2:3
        format = x:z
        #datapoints = 17
        residuals are weighted equally (unit weight)

function used for fitting: f(x)
	f(x) = a*x + b
fitted parameters initialized with current variable values

iter      chisq       delta/lim  lambda   a             b            
   0 1.3899391970e+05   0.00e+00  6.73e+01    1.000000e+00   1.000000e+00
   6 4.9553394572e+00  -2.83e-02  6.73e-05   -2.267479e-01   2.727568e+01

After 6 iterations the fit converged.
final sum of squares of residuals : 4.95534
rel. change during last iteration : -2.82607e-07

degrees of freedom    (FIT_NDF)                        : 15
rms of residuals      (FIT_STDFIT) = sqrt(WSSR/ndf)    : 0.574766
variance of residuals (reduced chisquare) = WSSR/ndf   : 0.330356

Final set of parameters            Asymptotic Standard Error
=======================            ==========================
a               = -0.226748        +/- 0.03937      (17.37%)
b               = 27.2757          +/- 3.745        (13.73%)

correlation matrix of the fit parameters:
                a      b      
a               1.000 
b              -0.999  1.000 


*******************************************************************************
Wed Jan 18 11:47:16 2017


FIT:    data read from '~/git/mscthesis/figures/bep_luo/luo_allylic_all.tsv' u 2:3
        format = x:z
        #datapoints = 9
        residuals are weighted equally (unit weight)

function used for fitting: g(x)
	g(x) = c*x + d
fitted parameters initialized with current variable values

iter      chisq       delta/lim  lambda   c             d            
   0 5.4079728400e+04   0.00e+00  5.83e+01    1.000000e+00   1.000000e+00
   6 1.1724946896e+00  -1.43e-02  5.83e-05   -1.467668e-01   1.807432e+01

After 6 iterations the fit converged.
final sum of squares of residuals : 1.17249
rel. change during last iteration : -1.42564e-07

degrees of freedom    (FIT_NDF)                        : 7
rms of residuals      (FIT_STDFIT) = sqrt(WSSR/ndf)    : 0.409267
variance of residuals (reduced chisquare) = WSSR/ndf   : 0.167499

Final set of parameters            Asymptotic Standard Error
=======================            ==========================
c               = -0.146767        +/- 0.03139      (21.38%)
d               = 18.0743          +/- 2.588        (14.32%)

correlation matrix of the fit parameters:
                c      d      
c               1.000 
d              -0.999  1.000 


*******************************************************************************
Wed Jan 18 11:47:35 2017


FIT:    data read from '~/git/mscthesis/figures/bep_luo/luo_alkyl_all.tsv' u 2:3
        format = x:z
        #datapoints = 17
        residuals are weighted equally (unit weight)

function used for fitting: f(x)
	f(x) = a*x + b
fitted parameters initialized with current variable values

iter      chisq       delta/lim  lambda   a             b            
   0 1.3899391970e+05   0.00e+00  6.73e+01    1.000000e+00   1.000000e+00
   6 4.9553394572e+00  -2.83e-02  6.73e-05   -2.267479e-01   2.727568e+01

After 6 iterations the fit converged.
final sum of squares of residuals : 4.95534
rel. change during last iteration : -2.82607e-07

degrees of freedom    (FIT_NDF)                        : 15
rms of residuals      (FIT_STDFIT) = sqrt(WSSR/ndf)    : 0.574766
variance of residuals (reduced chisquare) = WSSR/ndf   : 0.330356

Final set of parameters            Asymptotic Standard Error
=======================            ==========================
a               = -0.226748        +/- 0.03937      (17.37%)
b               = 27.2757          +/- 3.745        (13.73%)

correlation matrix of the fit parameters:
                a      b      
a               1.000 
b              -0.999  1.000 


*******************************************************************************
Wed Jan 18 11:47:35 2017


FIT:    data read from '~/git/mscthesis/figures/bep_luo/luo_allylic_all.tsv' u 2:3
        format = x:z
        #datapoints = 9
        residuals are weighted equally (unit weight)

function used for fitting: g(x)
	g(x) = c*x + d
fitted parameters initialized with current variable values

iter      chisq       delta/lim  lambda   c             d            
   0 5.4079728400e+04   0.00e+00  5.83e+01    1.000000e+00   1.000000e+00
   6 1.1724946896e+00  -1.43e-02  5.83e-05   -1.467668e-01   1.807432e+01

After 6 iterations the fit converged.
final sum of squares of residuals : 1.17249
rel. change during last iteration : -1.42564e-07

degrees of freedom    (FIT_NDF)                        : 7
rms of residuals      (FIT_STDFIT) = sqrt(WSSR/ndf)    : 0.409267
variance of residuals (reduced chisquare) = WSSR/ndf   : 0.167499

Final set of parameters            Asymptotic Standard Error
=======================            ==========================
c               = -0.146767        +/- 0.03139      (21.38%)
d               = 18.0743          +/- 2.588        (14.32%)

correlation matrix of the fit parameters:
                c      d      
c               1.000 
d              -0.999  1.000 


*******************************************************************************
Wed Jan 18 11:47:40 2017


FIT:    data read from '~/git/mscthesis/figures/bep_luo/luo_alkyl_all.tsv' u 2:3
        format = x:z
        #datapoints = 17
        residuals are weighted equally (unit weight)

function used for fitting: f(x)
	f(x) = a*x + b
fitted parameters initialized with current variable values

iter      chisq       delta/lim  lambda   a             b            
   0 1.3899391970e+05   0.00e+00  6.73e+01    1.000000e+00   1.000000e+00
   6 4.9553394572e+00  -2.83e-02  6.73e-05   -2.267479e-01   2.727568e+01

After 6 iterations the fit converged.
final sum of squares of residuals : 4.95534
rel. change during last iteration : -2.82607e-07

degrees of freedom    (FIT_NDF)                        : 15
rms of residuals      (FIT_STDFIT) = sqrt(WSSR/ndf)    : 0.574766
variance of residuals (reduced chisquare) = WSSR/ndf   : 0.330356

Final set of parameters            Asymptotic Standard Error
=======================            ==========================
a               = -0.226748        +/- 0.03937      (17.37%)
b               = 27.2757          +/- 3.745        (13.73%)

correlation matrix of the fit parameters:
                a      b      
a               1.000 
b              -0.999  1.000 


*******************************************************************************
Wed Jan 18 11:47:40 2017


FIT:    data read from '~/git/mscthesis/figures/bep_luo/luo_allylic_all.tsv' u 2:3
        format = x:z
        #datapoints = 9
        residuals are weighted equally (unit weight)

function used for fitting: g(x)
	g(x) = c*x + d
fitted parameters initialized with current variable values

iter      chisq       delta/lim  lambda   c             d            
   0 5.4079728400e+04   0.00e+00  5.83e+01    1.000000e+00   1.000000e+00
   6 1.1724946896e+00  -1.43e-02  5.83e-05   -1.467668e-01   1.807432e+01

After 6 iterations the fit converged.
final sum of squares of residuals : 1.17249
rel. change during last iteration : -1.42564e-07

degrees of freedom    (FIT_NDF)                        : 7
rms of residuals      (FIT_STDFIT) = sqrt(WSSR/ndf)    : 0.409267
variance of residuals (reduced chisquare) = WSSR/ndf   : 0.167499

Final set of parameters            Asymptotic Standard Error
=======================            ==========================
c               = -0.146767        +/- 0.03139      (21.38%)
d               = 18.0743          +/- 2.588        (14.32%)

correlation matrix of the fit parameters:
                c      d      
c               1.000 
d              -0.999  1.000 


*******************************************************************************
Wed Jan 18 11:47:48 2017


FIT:    data read from '~/git/mscthesis/figures/bep_luo/luo_alkyl_all.tsv' u 2:3
        format = x:z
        #datapoints = 17
        residuals are weighted equally (unit weight)

function used for fitting: f(x)
	f(x) = a*x + b
fitted parameters initialized with current variable values

iter      chisq       delta/lim  lambda   a             b            
   0 1.3899391970e+05   0.00e+00  6.73e+01    1.000000e+00   1.000000e+00
   6 4.9553394572e+00  -2.83e-02  6.73e-05   -2.267479e-01   2.727568e+01

After 6 iterations the fit converged.
final sum of squares of residuals : 4.95534
rel. change during last iteration : -2.82607e-07

degrees of freedom    (FIT_NDF)                        : 15
rms of residuals      (FIT_STDFIT) = sqrt(WSSR/ndf)    : 0.574766
variance of residuals (reduced chisquare) = WSSR/ndf   : 0.330356

Final set of parameters            Asymptotic Standard Error
=======================            ==========================
a               = -0.226748        +/- 0.03937      (17.37%)
b               = 27.2757          +/- 3.745        (13.73%)

correlation matrix of the fit parameters:
                a      b      
a               1.000 
b              -0.999  1.000 


*******************************************************************************
Wed Jan 18 11:47:48 2017


FIT:    data read from '~/git/mscthesis/figures/bep_luo/luo_allylic_all.tsv' u 2:3
        format = x:z
        #datapoints = 9
        residuals are weighted equally (unit weight)

function used for fitting: g(x)
	g(x) = c*x + d
fitted parameters initialized with current variable values

iter      chisq       delta/lim  lambda   c             d            
   0 5.4079728400e+04   0.00e+00  5.83e+01    1.000000e+00   1.000000e+00
   6 1.1724946896e+00  -1.43e-02  5.83e-05   -1.467668e-01   1.807432e+01

After 6 iterations the fit converged.
final sum of squares of residuals : 1.17249
rel. change during last iteration : -1.42564e-07

degrees of freedom    (FIT_NDF)                        : 7
rms of residuals      (FIT_STDFIT) = sqrt(WSSR/ndf)    : 0.409267
variance of residuals (reduced chisquare) = WSSR/ndf   : 0.167499

Final set of parameters            Asymptotic Standard Error
=======================            ==========================
c               = -0.146767        +/- 0.03139      (21.38%)
d               = 18.0743          +/- 2.588        (14.32%)

correlation matrix of the fit parameters:
                c      d      
c               1.000 
d              -0.999  1.000 


*******************************************************************************
Wed Jan 18 11:48:01 2017


FIT:    data read from '~/git/mscthesis/figures/bep_luo/luo_alkyl_all.tsv' u 2:3
        format = x:z
        #datapoints = 17
        residuals are weighted equally (unit weight)

function used for fitting: f(x)
	f(x) = a*x + b
fitted parameters initialized with current variable values

iter      chisq       delta/lim  lambda   a             b            
   0 1.3899391970e+05   0.00e+00  6.73e+01    1.000000e+00   1.000000e+00
   6 4.9553394572e+00  -2.83e-02  6.73e-05   -2.267479e-01   2.727568e+01

After 6 iterations the fit converged.
final sum of squares of residuals : 4.95534
rel. change during last iteration : -2.82607e-07

degrees of freedom    (FIT_NDF)                        : 15
rms of residuals      (FIT_STDFIT) = sqrt(WSSR/ndf)    : 0.574766
variance of residuals (reduced chisquare) = WSSR/ndf   : 0.330356

Final set of parameters            Asymptotic Standard Error
=======================            ==========================
a               = -0.226748        +/- 0.03937      (17.37%)
b               = 27.2757          +/- 3.745        (13.73%)

correlation matrix of the fit parameters:
                a      b      
a               1.000 
b              -0.999  1.000 


*******************************************************************************
Wed Jan 18 11:48:01 2017


FIT:    data read from '~/git/mscthesis/figures/bep_luo/luo_allylic_all.tsv' u 2:3
        format = x:z
        #datapoints = 9
        residuals are weighted equally (unit weight)

function used for fitting: g(x)
	g(x) = c*x + d
fitted parameters initialized with current variable values

iter      chisq       delta/lim  lambda   c             d            
   0 5.4079728400e+04   0.00e+00  5.83e+01    1.000000e+00   1.000000e+00
   6 1.1724946896e+00  -1.43e-02  5.83e-05   -1.467668e-01   1.807432e+01

After 6 iterations the fit converged.
final sum of squares of residuals : 1.17249
rel. change during last iteration : -1.42564e-07

degrees of freedom    (FIT_NDF)                        : 7
rms of residuals      (FIT_STDFIT) = sqrt(WSSR/ndf)    : 0.409267
variance of residuals (reduced chisquare) = WSSR/ndf   : 0.167499

Final set of parameters            Asymptotic Standard Error
=======================            ==========================
c               = -0.146767        +/- 0.03139      (21.38%)
d               = 18.0743          +/- 2.588        (14.32%)

correlation matrix of the fit parameters:
                c      d      
c               1.000 
d              -0.999  1.000 


*******************************************************************************
Wed Jan 18 11:48:50 2017


FIT:    data read from '~/git/mscthesis/figures/bep_luo/luo_alkyl_all.tsv' u 2:3
        format = x:z
        #datapoints = 17
        residuals are weighted equally (unit weight)

function used for fitting: f(x)
	f(x) = a*x + b
fitted parameters initialized with current variable values

iter      chisq       delta/lim  lambda   a             b            
   0 1.3899391970e+05   0.00e+00  6.73e+01    1.000000e+00   1.000000e+00
   6 4.9553394572e+00  -2.83e-02  6.73e-05   -2.267479e-01   2.727568e+01

After 6 iterations the fit converged.
final sum of squares of residuals : 4.95534
rel. change during last iteration : -2.82607e-07

degrees of freedom    (FIT_NDF)                        : 15
rms of residuals      (FIT_STDFIT) = sqrt(WSSR/ndf)    : 0.574766
variance of residuals (reduced chisquare) = WSSR/ndf   : 0.330356

Final set of parameters            Asymptotic Standard Error
=======================            ==========================
a               = -0.226748        +/- 0.03937      (17.37%)
b               = 27.2757          +/- 3.745        (13.73%)

correlation matrix of the fit parameters:
                a      b      
a               1.000 
b              -0.999  1.000 


*******************************************************************************
Wed Jan 18 11:48:50 2017


FIT:    data read from '~/git/mscthesis/figures/bep_luo/luo_allylic_all.tsv' u 2:3
        format = x:z
        #datapoints = 9
        residuals are weighted equally (unit weight)

function used for fitting: g(x)
	g(x) = c*x + d
fitted parameters initialized with current variable values

iter      chisq       delta/lim  lambda   c             d            
   0 5.4079728400e+04   0.00e+00  5.83e+01    1.000000e+00   1.000000e+00
   6 1.1724946896e+00  -1.43e-02  5.83e-05   -1.467668e-01   1.807432e+01

After 6 iterations the fit converged.
final sum of squares of residuals : 1.17249
rel. change during last iteration : -1.42564e-07

degrees of freedom    (FIT_NDF)                        : 7
rms of residuals      (FIT_STDFIT) = sqrt(WSSR/ndf)    : 0.409267
variance of residuals (reduced chisquare) = WSSR/ndf   : 0.167499

Final set of parameters            Asymptotic Standard Error
=======================            ==========================
c               = -0.146767        +/- 0.03139      (21.38%)
d               = 18.0743          +/- 2.588        (14.32%)

correlation matrix of the fit parameters:
                c      d      
c               1.000 
d              -0.999  1.000 


*******************************************************************************
Wed Jan 18 11:49:07 2017


FIT:    data read from '~/git/mscthesis/figures/bep_luo/luo_alkyl_all.tsv' u 2:3
        format = x:z
        #datapoints = 17
        residuals are weighted equally (unit weight)

function used for fitting: f(x)
	f(x) = a*x + b
fitted parameters initialized with current variable values

iter      chisq       delta/lim  lambda   a             b            
   0 1.3899391970e+05   0.00e+00  6.73e+01    1.000000e+00   1.000000e+00
   6 4.9553394572e+00  -2.83e-02  6.73e-05   -2.267479e-01   2.727568e+01

After 6 iterations the fit converged.
final sum of squares of residuals : 4.95534
rel. change during last iteration : -2.82607e-07

degrees of freedom    (FIT_NDF)                        : 15
rms of residuals      (FIT_STDFIT) = sqrt(WSSR/ndf)    : 0.574766
variance of residuals (reduced chisquare) = WSSR/ndf   : 0.330356

Final set of parameters            Asymptotic Standard Error
=======================            ==========================
a               = -0.226748        +/- 0.03937      (17.37%)
b               = 27.2757          +/- 3.745        (13.73%)

correlation matrix of the fit parameters:
                a      b      
a               1.000 
b              -0.999  1.000 


*******************************************************************************
Wed Jan 18 11:49:07 2017


FIT:    data read from '~/git/mscthesis/figures/bep_luo/luo_allylic_all.tsv' u 2:3
        format = x:z
        #datapoints = 9
        residuals are weighted equally (unit weight)

function used for fitting: g(x)
	g(x) = c*x + d
fitted parameters initialized with current variable values

iter      chisq       delta/lim  lambda   c             d            
   0 5.4079728400e+04   0.00e+00  5.83e+01    1.000000e+00   1.000000e+00
   6 1.1724946896e+00  -1.43e-02  5.83e-05   -1.467668e-01   1.807432e+01

After 6 iterations the fit converged.
final sum of squares of residuals : 1.17249
rel. change during last iteration : -1.42564e-07

degrees of freedom    (FIT_NDF)                        : 7
rms of residuals      (FIT_STDFIT) = sqrt(WSSR/ndf)    : 0.409267
variance of residuals (reduced chisquare) = WSSR/ndf   : 0.167499

Final set of parameters            Asymptotic Standard Error
=======================            ==========================
c               = -0.146767        +/- 0.03139      (21.38%)
d               = 18.0743          +/- 2.588        (14.32%)

correlation matrix of the fit parameters:
                c      d      
c               1.000 
d              -0.999  1.000 


*******************************************************************************
Wed Jan 18 11:49:43 2017


FIT:    data read from '~/git/mscthesis/figures/bep_luo/luo_alkyl_all.tsv' u 2:3
        format = x:z
        #datapoints = 17
        residuals are weighted equally (unit weight)

function used for fitting: f(x)
	f(x) = a*x + b
fitted parameters initialized with current variable values

iter      chisq       delta/lim  lambda   a             b            
   0 1.3899391970e+05   0.00e+00  6.73e+01    1.000000e+00   1.000000e+00
   6 4.9553394572e+00  -2.83e-02  6.73e-05   -2.267479e-01   2.727568e+01

After 6 iterations the fit converged.
final sum of squares of residuals : 4.95534
rel. change during last iteration : -2.82607e-07

degrees of freedom    (FIT_NDF)                        : 15
rms of residuals      (FIT_STDFIT) = sqrt(WSSR/ndf)    : 0.574766
variance of residuals (reduced chisquare) = WSSR/ndf   : 0.330356

Final set of parameters            Asymptotic Standard Error
=======================            ==========================
a               = -0.226748        +/- 0.03937      (17.37%)
b               = 27.2757          +/- 3.745        (13.73%)

correlation matrix of the fit parameters:
                a      b      
a               1.000 
b              -0.999  1.000 


*******************************************************************************
Wed Jan 18 11:49:43 2017


FIT:    data read from '~/git/mscthesis/figures/bep_luo/luo_allylic_all.tsv' u 2:3
        format = x:z
        #datapoints = 9
        residuals are weighted equally (unit weight)

function used for fitting: g(x)
	g(x) = c*x + d
fitted parameters initialized with current variable values

iter      chisq       delta/lim  lambda   c             d            
   0 5.4079728400e+04   0.00e+00  5.83e+01    1.000000e+00   1.000000e+00
   6 1.1724946896e+00  -1.43e-02  5.83e-05   -1.467668e-01   1.807432e+01

After 6 iterations the fit converged.
final sum of squares of residuals : 1.17249
rel. change during last iteration : -1.42564e-07

degrees of freedom    (FIT_NDF)                        : 7
rms of residuals      (FIT_STDFIT) = sqrt(WSSR/ndf)    : 0.409267
variance of residuals (reduced chisquare) = WSSR/ndf   : 0.167499

Final set of parameters            Asymptotic Standard Error
=======================            ==========================
c               = -0.146767        +/- 0.03139      (21.38%)
d               = 18.0743          +/- 2.588        (14.32%)

correlation matrix of the fit parameters:
                c      d      
c               1.000 
d              -0.999  1.000 


*******************************************************************************
Wed Jan 18 11:49:55 2017


FIT:    data read from '~/git/mscthesis/figures/bep_luo/luo_alkyl_all.tsv' u 2:3
        format = x:z
        #datapoints = 17
        residuals are weighted equally (unit weight)

function used for fitting: f(x)
	f(x) = a*x + b
fitted parameters initialized with current variable values

iter      chisq       delta/lim  lambda   a             b            
   0 1.3899391970e+05   0.00e+00  6.73e+01    1.000000e+00   1.000000e+00
   6 4.9553394572e+00  -2.83e-02  6.73e-05   -2.267479e-01   2.727568e+01

After 6 iterations the fit converged.
final sum of squares of residuals : 4.95534
rel. change during last iteration : -2.82607e-07

degrees of freedom    (FIT_NDF)                        : 15
rms of residuals      (FIT_STDFIT) = sqrt(WSSR/ndf)    : 0.574766
variance of residuals (reduced chisquare) = WSSR/ndf   : 0.330356

Final set of parameters            Asymptotic Standard Error
=======================            ==========================
a               = -0.226748        +/- 0.03937      (17.37%)
b               = 27.2757          +/- 3.745        (13.73%)

correlation matrix of the fit parameters:
                a      b      
a               1.000 
b              -0.999  1.000 


*******************************************************************************
Wed Jan 18 11:49:55 2017


FIT:    data read from '~/git/mscthesis/figures/bep_luo/luo_allylic_all.tsv' u 2:3
        format = x:z
        #datapoints = 9
        residuals are weighted equally (unit weight)

function used for fitting: g(x)
	g(x) = c*x + d
fitted parameters initialized with current variable values

iter      chisq       delta/lim  lambda   c             d            
   0 5.4079728400e+04   0.00e+00  5.83e+01    1.000000e+00   1.000000e+00
   6 1.1724946896e+00  -1.43e-02  5.83e-05   -1.467668e-01   1.807432e+01

After 6 iterations the fit converged.
final sum of squares of residuals : 1.17249
rel. change during last iteration : -1.42564e-07

degrees of freedom    (FIT_NDF)                        : 7
rms of residuals      (FIT_STDFIT) = sqrt(WSSR/ndf)    : 0.409267
variance of residuals (reduced chisquare) = WSSR/ndf   : 0.167499

Final set of parameters            Asymptotic Standard Error
=======================            ==========================
c               = -0.146767        +/- 0.03139      (21.38%)
d               = 18.0743          +/- 2.588        (14.32%)

correlation matrix of the fit parameters:
                c      d      
c               1.000 
d              -0.999  1.000 


*******************************************************************************
Wed Jan 18 11:50:08 2017


FIT:    data read from '~/git/mscthesis/figures/bep_luo/luo_alkyl_all.tsv' u 2:3
        format = x:z
        #datapoints = 17
        residuals are weighted equally (unit weight)

function used for fitting: f(x)
	f(x) = a*x + b
fitted parameters initialized with current variable values

iter      chisq       delta/lim  lambda   a             b            
   0 1.3899391970e+05   0.00e+00  6.73e+01    1.000000e+00   1.000000e+00
   6 4.9553394572e+00  -2.83e-02  6.73e-05   -2.267479e-01   2.727568e+01

After 6 iterations the fit converged.
final sum of squares of residuals : 4.95534
rel. change during last iteration : -2.82607e-07

degrees of freedom    (FIT_NDF)                        : 15
rms of residuals      (FIT_STDFIT) = sqrt(WSSR/ndf)    : 0.574766
variance of residuals (reduced chisquare) = WSSR/ndf   : 0.330356

Final set of parameters            Asymptotic Standard Error
=======================            ==========================
a               = -0.226748        +/- 0.03937      (17.37%)
b               = 27.2757          +/- 3.745        (13.73%)

correlation matrix of the fit parameters:
                a      b      
a               1.000 
b              -0.999  1.000 


*******************************************************************************
Wed Jan 18 11:50:08 2017


FIT:    data read from '~/git/mscthesis/figures/bep_luo/luo_allylic_all.tsv' u 2:3
        format = x:z
        #datapoints = 9
        residuals are weighted equally (unit weight)

function used for fitting: g(x)
	g(x) = c*x + d
fitted parameters initialized with current variable values

iter      chisq       delta/lim  lambda   c             d            
   0 5.4079728400e+04   0.00e+00  5.83e+01    1.000000e+00   1.000000e+00
   6 1.1724946896e+00  -1.43e-02  5.83e-05   -1.467668e-01   1.807432e+01

After 6 iterations the fit converged.
final sum of squares of residuals : 1.17249
rel. change during last iteration : -1.42564e-07

degrees of freedom    (FIT_NDF)                        : 7
rms of residuals      (FIT_STDFIT) = sqrt(WSSR/ndf)    : 0.409267
variance of residuals (reduced chisquare) = WSSR/ndf   : 0.167499

Final set of parameters            Asymptotic Standard Error
=======================            ==========================
c               = -0.146767        +/- 0.03139      (21.38%)
d               = 18.0743          +/- 2.588        (14.32%)

correlation matrix of the fit parameters:
                c      d      
c               1.000 
d              -0.999  1.000 


*******************************************************************************
Wed Jan 18 11:50:23 2017


FIT:    data read from '~/git/mscthesis/figures/bep_luo/luo_alkyl_all.tsv' u 2:3
        format = x:z
        #datapoints = 17
        residuals are weighted equally (unit weight)

function used for fitting: f(x)
	f(x) = a*x + b
fitted parameters initialized with current variable values

iter      chisq       delta/lim  lambda   a             b            
   0 1.3899391970e+05   0.00e+00  6.73e+01    1.000000e+00   1.000000e+00
   6 4.9553394572e+00  -2.83e-02  6.73e-05   -2.267479e-01   2.727568e+01

After 6 iterations the fit converged.
final sum of squares of residuals : 4.95534
rel. change during last iteration : -2.82607e-07

degrees of freedom    (FIT_NDF)                        : 15
rms of residuals      (FIT_STDFIT) = sqrt(WSSR/ndf)    : 0.574766
variance of residuals (reduced chisquare) = WSSR/ndf   : 0.330356

Final set of parameters            Asymptotic Standard Error
=======================            ==========================
a               = -0.226748        +/- 0.03937      (17.37%)
b               = 27.2757          +/- 3.745        (13.73%)

correlation matrix of the fit parameters:
                a      b      
a               1.000 
b              -0.999  1.000 


*******************************************************************************
Wed Jan 18 11:50:23 2017


FIT:    data read from '~/git/mscthesis/figures/bep_luo/luo_allylic_all.tsv' u 2:3
        format = x:z
        #datapoints = 9
        residuals are weighted equally (unit weight)

function used for fitting: g(x)
	g(x) = c*x + d
fitted parameters initialized with current variable values

iter      chisq       delta/lim  lambda   c             d            
   0 5.4079728400e+04   0.00e+00  5.83e+01    1.000000e+00   1.000000e+00
   6 1.1724946896e+00  -1.43e-02  5.83e-05   -1.467668e-01   1.807432e+01

After 6 iterations the fit converged.
final sum of squares of residuals : 1.17249
rel. change during last iteration : -1.42564e-07

degrees of freedom    (FIT_NDF)                        : 7
rms of residuals      (FIT_STDFIT) = sqrt(WSSR/ndf)    : 0.409267
variance of residuals (reduced chisquare) = WSSR/ndf   : 0.167499

Final set of parameters            Asymptotic Standard Error
=======================            ==========================
c               = -0.146767        +/- 0.03139      (21.38%)
d               = 18.0743          +/- 2.588        (14.32%)

correlation matrix of the fit parameters:
                c      d      
c               1.000 
d              -0.999  1.000 


*******************************************************************************
Wed Jan 18 11:50:32 2017


FIT:    data read from '~/git/mscthesis/figures/bep_luo/luo_alkyl_all.tsv' u 2:3
        format = x:z
        #datapoints = 17
        residuals are weighted equally (unit weight)

function used for fitting: f(x)
	f(x) = a*x + b
fitted parameters initialized with current variable values

iter      chisq       delta/lim  lambda   a             b            
   0 1.3899391970e+05   0.00e+00  6.73e+01    1.000000e+00   1.000000e+00
   6 4.9553394572e+00  -2.83e-02  6.73e-05   -2.267479e-01   2.727568e+01

After 6 iterations the fit converged.
final sum of squares of residuals : 4.95534
rel. change during last iteration : -2.82607e-07

degrees of freedom    (FIT_NDF)                        : 15
rms of residuals      (FIT_STDFIT) = sqrt(WSSR/ndf)    : 0.574766
variance of residuals (reduced chisquare) = WSSR/ndf   : 0.330356

Final set of parameters            Asymptotic Standard Error
=======================            ==========================
a               = -0.226748        +/- 0.03937      (17.37%)
b               = 27.2757          +/- 3.745        (13.73%)

correlation matrix of the fit parameters:
                a      b      
a               1.000 
b              -0.999  1.000 


*******************************************************************************
Wed Jan 18 11:50:32 2017


FIT:    data read from '~/git/mscthesis/figures/bep_luo/luo_allylic_all.tsv' u 2:3
        format = x:z
        #datapoints = 9
        residuals are weighted equally (unit weight)

function used for fitting: g(x)
	g(x) = c*x + d
fitted parameters initialized with current variable values

iter      chisq       delta/lim  lambda   c             d            
   0 5.4079728400e+04   0.00e+00  5.83e+01    1.000000e+00   1.000000e+00
   6 1.1724946896e+00  -1.43e-02  5.83e-05   -1.467668e-01   1.807432e+01

After 6 iterations the fit converged.
final sum of squares of residuals : 1.17249
rel. change during last iteration : -1.42564e-07

degrees of freedom    (FIT_NDF)                        : 7
rms of residuals      (FIT_STDFIT) = sqrt(WSSR/ndf)    : 0.409267
variance of residuals (reduced chisquare) = WSSR/ndf   : 0.167499

Final set of parameters            Asymptotic Standard Error
=======================            ==========================
c               = -0.146767        +/- 0.03139      (21.38%)
d               = 18.0743          +/- 2.588        (14.32%)

correlation matrix of the fit parameters:
                c      d      
c               1.000 
d              -0.999  1.000 


*******************************************************************************
Wed Jan 18 11:51:25 2017


FIT:    data read from '~/git/mscthesis/figures/bep_luo/luo_alkyl_all.tsv' u 2:3
        format = x:z
        #datapoints = 17
        residuals are weighted equally (unit weight)

function used for fitting: f(x)
	f(x) = a*x + b
fitted parameters initialized with current variable values

iter      chisq       delta/lim  lambda   a             b            
   0 1.3899391970e+05   0.00e+00  6.73e+01    1.000000e+00   1.000000e+00
   6 4.9553394572e+00  -2.83e-02  6.73e-05   -2.267479e-01   2.727568e+01

After 6 iterations the fit converged.
final sum of squares of residuals : 4.95534
rel. change during last iteration : -2.82607e-07

degrees of freedom    (FIT_NDF)                        : 15
rms of residuals      (FIT_STDFIT) = sqrt(WSSR/ndf)    : 0.574766
variance of residuals (reduced chisquare) = WSSR/ndf   : 0.330356

Final set of parameters            Asymptotic Standard Error
=======================            ==========================
a               = -0.226748        +/- 0.03937      (17.37%)
b               = 27.2757          +/- 3.745        (13.73%)

correlation matrix of the fit parameters:
                a      b      
a               1.000 
b              -0.999  1.000 


*******************************************************************************
Wed Jan 18 11:51:25 2017


FIT:    data read from '~/git/mscthesis/figures/bep_luo/luo_allylic_all.tsv' u 2:3
        format = x:z
        #datapoints = 9
        residuals are weighted equally (unit weight)

function used for fitting: g(x)
	g(x) = c*x + d
fitted parameters initialized with current variable values

iter      chisq       delta/lim  lambda   c             d            
   0 5.4079728400e+04   0.00e+00  5.83e+01    1.000000e+00   1.000000e+00
   6 1.1724946896e+00  -1.43e-02  5.83e-05   -1.467668e-01   1.807432e+01

After 6 iterations the fit converged.
final sum of squares of residuals : 1.17249
rel. change during last iteration : -1.42564e-07

degrees of freedom    (FIT_NDF)                        : 7
rms of residuals      (FIT_STDFIT) = sqrt(WSSR/ndf)    : 0.409267
variance of residuals (reduced chisquare) = WSSR/ndf   : 0.167499

Final set of parameters            Asymptotic Standard Error
=======================            ==========================
c               = -0.146767        +/- 0.03139      (21.38%)
d               = 18.0743          +/- 2.588        (14.32%)

correlation matrix of the fit parameters:
                c      d      
c               1.000 
d              -0.999  1.000 


*******************************************************************************
Wed Jan 18 11:51:35 2017


FIT:    data read from '~/git/mscthesis/figures/bep_luo/luo_alkyl_all.tsv' u 2:3
        format = x:z
        #datapoints = 17
        residuals are weighted equally (unit weight)

function used for fitting: f(x)
	f(x) = a*x + b
fitted parameters initialized with current variable values

iter      chisq       delta/lim  lambda   a             b            
   0 1.3899391970e+05   0.00e+00  6.73e+01    1.000000e+00   1.000000e+00
   6 4.9553394572e+00  -2.83e-02  6.73e-05   -2.267479e-01   2.727568e+01

After 6 iterations the fit converged.
final sum of squares of residuals : 4.95534
rel. change during last iteration : -2.82607e-07

degrees of freedom    (FIT_NDF)                        : 15
rms of residuals      (FIT_STDFIT) = sqrt(WSSR/ndf)    : 0.574766
variance of residuals (reduced chisquare) = WSSR/ndf   : 0.330356

Final set of parameters            Asymptotic Standard Error
=======================            ==========================
a               = -0.226748        +/- 0.03937      (17.37%)
b               = 27.2757          +/- 3.745        (13.73%)

correlation matrix of the fit parameters:
                a      b      
a               1.000 
b              -0.999  1.000 


*******************************************************************************
Wed Jan 18 11:51:35 2017


FIT:    data read from '~/git/mscthesis/figures/bep_luo/luo_allylic_all.tsv' u 2:3
        format = x:z
        #datapoints = 9
        residuals are weighted equally (unit weight)

function used for fitting: g(x)
	g(x) = c*x + d
fitted parameters initialized with current variable values

iter      chisq       delta/lim  lambda   c             d            
   0 5.4079728400e+04   0.00e+00  5.83e+01    1.000000e+00   1.000000e+00
   6 1.1724946896e+00  -1.43e-02  5.83e-05   -1.467668e-01   1.807432e+01

After 6 iterations the fit converged.
final sum of squares of residuals : 1.17249
rel. change during last iteration : -1.42564e-07

degrees of freedom    (FIT_NDF)                        : 7
rms of residuals      (FIT_STDFIT) = sqrt(WSSR/ndf)    : 0.409267
variance of residuals (reduced chisquare) = WSSR/ndf   : 0.167499

Final set of parameters            Asymptotic Standard Error
=======================            ==========================
c               = -0.146767        +/- 0.03139      (21.38%)
d               = 18.0743          +/- 2.588        (14.32%)

correlation matrix of the fit parameters:
                c      d      
c               1.000 
d              -0.999  1.000 


*******************************************************************************
Wed Jan 18 11:51:40 2017


FIT:    data read from '~/git/mscthesis/figures/bep_luo/luo_alkyl_all.tsv' u 2:3
        format = x:z
        #datapoints = 17
        residuals are weighted equally (unit weight)

function used for fitting: f(x)
	f(x) = a*x + b
fitted parameters initialized with current variable values

iter      chisq       delta/lim  lambda   a             b            
   0 1.3899391970e+05   0.00e+00  6.73e+01    1.000000e+00   1.000000e+00
   6 4.9553394572e+00  -2.83e-02  6.73e-05   -2.267479e-01   2.727568e+01

After 6 iterations the fit converged.
final sum of squares of residuals : 4.95534
rel. change during last iteration : -2.82607e-07

degrees of freedom    (FIT_NDF)                        : 15
rms of residuals      (FIT_STDFIT) = sqrt(WSSR/ndf)    : 0.574766
variance of residuals (reduced chisquare) = WSSR/ndf   : 0.330356

Final set of parameters            Asymptotic Standard Error
=======================            ==========================
a               = -0.226748        +/- 0.03937      (17.37%)
b               = 27.2757          +/- 3.745        (13.73%)

correlation matrix of the fit parameters:
                a      b      
a               1.000 
b              -0.999  1.000 


*******************************************************************************
Wed Jan 18 11:51:40 2017


FIT:    data read from '~/git/mscthesis/figures/bep_luo/luo_allylic_all.tsv' u 2:3
        format = x:z
        #datapoints = 9
        residuals are weighted equally (unit weight)

function used for fitting: g(x)
	g(x) = c*x + d
fitted parameters initialized with current variable values

iter      chisq       delta/lim  lambda   c             d            
   0 5.4079728400e+04   0.00e+00  5.83e+01    1.000000e+00   1.000000e+00
   6 1.1724946896e+00  -1.43e-02  5.83e-05   -1.467668e-01   1.807432e+01

After 6 iterations the fit converged.
final sum of squares of residuals : 1.17249
rel. change during last iteration : -1.42564e-07

degrees of freedom    (FIT_NDF)                        : 7
rms of residuals      (FIT_STDFIT) = sqrt(WSSR/ndf)    : 0.409267
variance of residuals (reduced chisquare) = WSSR/ndf   : 0.167499

Final set of parameters            Asymptotic Standard Error
=======================            ==========================
c               = -0.146767        +/- 0.03139      (21.38%)
d               = 18.0743          +/- 2.588        (14.32%)

correlation matrix of the fit parameters:
                c      d      
c               1.000 
d              -0.999  1.000 


*******************************************************************************
Wed Jan 18 11:51:46 2017


FIT:    data read from '~/git/mscthesis/figures/bep_luo/luo_alkyl_all.tsv' u 2:3
        format = x:z
        #datapoints = 17
        residuals are weighted equally (unit weight)

function used for fitting: f(x)
	f(x) = a*x + b
fitted parameters initialized with current variable values

iter      chisq       delta/lim  lambda   a             b            
   0 1.3899391970e+05   0.00e+00  6.73e+01    1.000000e+00   1.000000e+00
   6 4.9553394572e+00  -2.83e-02  6.73e-05   -2.267479e-01   2.727568e+01

After 6 iterations the fit converged.
final sum of squares of residuals : 4.95534
rel. change during last iteration : -2.82607e-07

degrees of freedom    (FIT_NDF)                        : 15
rms of residuals      (FIT_STDFIT) = sqrt(WSSR/ndf)    : 0.574766
variance of residuals (reduced chisquare) = WSSR/ndf   : 0.330356

Final set of parameters            Asymptotic Standard Error
=======================            ==========================
a               = -0.226748        +/- 0.03937      (17.37%)
b               = 27.2757          +/- 3.745        (13.73%)

correlation matrix of the fit parameters:
                a      b      
a               1.000 
b              -0.999  1.000 


*******************************************************************************
Wed Jan 18 11:51:46 2017


FIT:    data read from '~/git/mscthesis/figures/bep_luo/luo_allylic_all.tsv' u 2:3
        format = x:z
        #datapoints = 9
        residuals are weighted equally (unit weight)

function used for fitting: g(x)
	g(x) = c*x + d
fitted parameters initialized with current variable values

iter      chisq       delta/lim  lambda   c             d            
   0 5.4079728400e+04   0.00e+00  5.83e+01    1.000000e+00   1.000000e+00
   6 1.1724946896e+00  -1.43e-02  5.83e-05   -1.467668e-01   1.807432e+01

After 6 iterations the fit converged.
final sum of squares of residuals : 1.17249
rel. change during last iteration : -1.42564e-07

degrees of freedom    (FIT_NDF)                        : 7
rms of residuals      (FIT_STDFIT) = sqrt(WSSR/ndf)    : 0.409267
variance of residuals (reduced chisquare) = WSSR/ndf   : 0.167499

Final set of parameters            Asymptotic Standard Error
=======================            ==========================
c               = -0.146767        +/- 0.03139      (21.38%)
d               = 18.0743          +/- 2.588        (14.32%)

correlation matrix of the fit parameters:
                c      d      
c               1.000 
d              -0.999  1.000 


*******************************************************************************
Wed Jan 18 11:51:59 2017


FIT:    data read from '~/git/mscthesis/figures/bep_luo/luo_alkyl_all.tsv' u 2:3
        format = x:z
        #datapoints = 17
        residuals are weighted equally (unit weight)

function used for fitting: f(x)
	f(x) = a*x + b
fitted parameters initialized with current variable values

iter      chisq       delta/lim  lambda   a             b            
   0 1.3899391970e+05   0.00e+00  6.73e+01    1.000000e+00   1.000000e+00
   6 4.9553394572e+00  -2.83e-02  6.73e-05   -2.267479e-01   2.727568e+01

After 6 iterations the fit converged.
final sum of squares of residuals : 4.95534
rel. change during last iteration : -2.82607e-07

degrees of freedom    (FIT_NDF)                        : 15
rms of residuals      (FIT_STDFIT) = sqrt(WSSR/ndf)    : 0.574766
variance of residuals (reduced chisquare) = WSSR/ndf   : 0.330356

Final set of parameters            Asymptotic Standard Error
=======================            ==========================
a               = -0.226748        +/- 0.03937      (17.37%)
b               = 27.2757          +/- 3.745        (13.73%)

correlation matrix of the fit parameters:
                a      b      
a               1.000 
b              -0.999  1.000 


*******************************************************************************
Wed Jan 18 11:51:59 2017


FIT:    data read from '~/git/mscthesis/figures/bep_luo/luo_allylic_all.tsv' u 2:3
        format = x:z
        #datapoints = 9
        residuals are weighted equally (unit weight)

function used for fitting: g(x)
	g(x) = c*x + d
fitted parameters initialized with current variable values

iter      chisq       delta/lim  lambda   c             d            
   0 5.4079728400e+04   0.00e+00  5.83e+01    1.000000e+00   1.000000e+00
   6 1.1724946896e+00  -1.43e-02  5.83e-05   -1.467668e-01   1.807432e+01

After 6 iterations the fit converged.
final sum of squares of residuals : 1.17249
rel. change during last iteration : -1.42564e-07

degrees of freedom    (FIT_NDF)                        : 7
rms of residuals      (FIT_STDFIT) = sqrt(WSSR/ndf)    : 0.409267
variance of residuals (reduced chisquare) = WSSR/ndf   : 0.167499

Final set of parameters            Asymptotic Standard Error
=======================            ==========================
c               = -0.146767        +/- 0.03139      (21.38%)
d               = 18.0743          +/- 2.588        (14.32%)

correlation matrix of the fit parameters:
                c      d      
c               1.000 
d              -0.999  1.000 
